2024-11-24 00:01:00 - Securing GET /configuraciones/12
2024-11-24 00:01:00 - Ejecutando el Método en Servicio: CustomUserDetailsService.loadUserByUsername(..)
2024-11-24 00:01:00 - Secured GET /configuraciones/12
2024-11-24 00:01:00 - Ejecutando el Método en Servicio: UsuarioService.consultarUsuario(..)
2024-11-24 00:01:00 - Ejecutando el Método en Servicio: UsuarioMapper.mapToDto(..)
2024-11-24 00:06:41 - Securing GET /configuraciones/12
2024-11-24 00:06:41 - Ejecutando el Método en Servicio: CustomUserDetailsService.loadUserByUsername(..)
2024-11-24 00:06:41 - Secured GET /configuraciones/12
2024-11-24 00:06:41 - Ejecutando el Método en Servicio: UsuarioService.consultarUsuario(..)
2024-11-24 00:06:41 - Ejecutando el Método en Servicio: UsuarioMapper.mapToDto(..)
2024-11-24 00:09:05 - Securing GET /configuraciones/12
2024-11-24 00:09:05 - Ejecutando el Método en Servicio: CustomUserDetailsService.loadUserByUsername(..)
2024-11-24 00:09:05 - Secured GET /configuraciones/12
2024-11-24 00:09:05 - Ejecutando el Método en Servicio: UsuarioService.consultarUsuario(..)
2024-11-24 00:09:05 - Ejecutando el Método en Servicio: UsuarioMapper.mapToDto(..)
2024-11-24 00:19:45 - Securing GET /configuraciones/12
2024-11-24 00:19:45 - Ejecutando el Método en Servicio: CustomUserDetailsService.loadUserByUsername(..)
2024-11-24 00:19:45 - Secured GET /configuraciones/12
2024-11-24 00:19:45 - Ejecutando el Método en Servicio: UsuarioService.consultarUsuario(..)
2024-11-24 00:19:45 - Ejecutando el Método en Servicio: UsuarioMapper.mapToDto(..)
2024-11-24 00:20:35 - Securing GET /configuraciones/12
2024-11-24 00:20:35 - Ejecutando el Método en Servicio: CustomUserDetailsService.loadUserByUsername(..)
2024-11-24 00:20:35 - Secured GET /configuraciones/12
2024-11-24 00:20:35 - Ejecutando el Método en Servicio: UsuarioService.consultarUsuario(..)
2024-11-24 00:20:35 - Ejecutando el Método en Servicio: UsuarioMapper.mapToDto(..)
2024-11-24 00:26:46 - Securing GET /configuraciones/12
2024-11-24 00:26:46 - Ejecutando el Método en Servicio: CustomUserDetailsService.loadUserByUsername(..)
2024-11-24 00:26:46 - Secured GET /configuraciones/12
2024-11-24 00:26:46 - Ejecutando el Método en Servicio: UsuarioService.consultarUsuario(..)
2024-11-24 00:26:46 - Ejecutando el Método en Servicio: UsuarioMapper.mapToDto(..)
2024-11-24 00:29:01 - Securing GET /configuraciones/12
2024-11-24 00:29:01 - Ejecutando el Método en Servicio: CustomUserDetailsService.loadUserByUsername(..)
2024-11-24 00:29:01 - Secured GET /configuraciones/12
2024-11-24 00:29:01 - Ejecutando el Método en Servicio: UsuarioService.consultarUsuario(..)
2024-11-24 00:29:01 - Ejecutando el Método en Servicio: UsuarioMapper.mapToDto(..)
2024-11-24 00:29:09 - Securing GET /configuraciones/12
2024-11-24 00:29:09 - Ejecutando el Método en Servicio: CustomUserDetailsService.loadUserByUsername(..)
2024-11-24 00:29:09 - Secured GET /configuraciones/12
2024-11-24 00:29:09 - Ejecutando el Método en Servicio: UsuarioService.consultarUsuario(..)
2024-11-24 00:29:09 - Ejecutando el Método en Servicio: UsuarioMapper.mapToDto(..)
2024-11-24 00:30:13 - Securing GET /configuraciones/12
2024-11-24 00:30:13 - Ejecutando el Método en Servicio: CustomUserDetailsService.loadUserByUsername(..)
2024-11-24 00:30:13 - Secured GET /configuraciones/12
2024-11-24 00:30:13 - Ejecutando el Método en Servicio: UsuarioService.consultarUsuario(..)
2024-11-24 00:30:13 - Ejecutando el Método en Servicio: UsuarioMapper.mapToDto(..)
2024-11-24 00:34:35 - Securing GET /configuraciones/12
2024-11-24 00:34:35 - Ejecutando el Método en Servicio: CustomUserDetailsService.loadUserByUsername(..)
2024-11-24 00:34:35 - Secured GET /configuraciones/12
2024-11-24 00:34:35 - Ejecutando el Método en Servicio: UsuarioService.consultarUsuario(..)
2024-11-24 00:34:35 - Ejecutando el Método en Servicio: UsuarioMapper.mapToDto(..)
2024-11-24 00:37:48 - Securing GET /configuraciones/12
2024-11-24 00:37:48 - Ejecutando el Método en Servicio: CustomUserDetailsService.loadUserByUsername(..)
2024-11-24 00:37:48 - Secured GET /configuraciones/12
2024-11-24 00:37:48 - Ejecutando el Método en Servicio: UsuarioService.consultarUsuario(..)
2024-11-24 00:37:48 - Ejecutando el Método en Servicio: UsuarioMapper.mapToDto(..)
2024-11-24 00:42:41 - Securing GET /configuraciones/12
2024-11-24 00:42:41 - Ejecutando el Método en Servicio: CustomUserDetailsService.loadUserByUsername(..)
2024-11-24 00:42:41 - Secured GET /configuraciones/12
2024-11-24 00:42:41 - Ejecutando el Método en Servicio: UsuarioService.consultarUsuario(..)
2024-11-24 00:42:41 - Ejecutando el Método en Servicio: UsuarioMapper.mapToDto(..)
2024-11-24 00:50:33 - Securing GET /configuraciones/12
2024-11-24 00:50:33 - Ejecutando el Método en Servicio: CustomUserDetailsService.loadUserByUsername(..)
2024-11-24 00:50:33 - Secured GET /configuraciones/12
2024-11-24 00:50:33 - Ejecutando el Método en Servicio: UsuarioService.consultarUsuario(..)
2024-11-24 00:50:33 - Ejecutando el Método en Servicio: UsuarioMapper.mapToDto(..)
2024-11-24 00:54:24 - Securing GET /configuraciones/12
2024-11-24 00:54:24 - Ejecutando el Método en Servicio: CustomUserDetailsService.loadUserByUsername(..)
2024-11-24 00:54:24 - Secured GET /configuraciones/12
2024-11-24 00:54:24 - Ejecutando el Método en Servicio: UsuarioService.consultarUsuario(..)
2024-11-24 00:54:24 - Ejecutando el Método en Servicio: UsuarioMapper.mapToDto(..)
2024-11-24 01:15:59 - Securing GET /configuraciones/12
2024-11-24 01:15:59 - Ejecutando el Método en Servicio: CustomUserDetailsService.loadUserByUsername(..)
2024-11-24 01:15:59 - Secured GET /configuraciones/12
2024-11-24 01:15:59 - Ejecutando el Método en Servicio: UsuarioService.consultarUsuario(..)
2024-11-24 01:15:59 - Ejecutando el Método en Servicio: UsuarioMapper.mapToDto(..)
2024-11-24 01:17:30 - Securing GET /configuraciones/12
2024-11-24 01:17:30 - Ejecutando el Método en Servicio: CustomUserDetailsService.loadUserByUsername(..)
2024-11-24 01:17:30 - Secured GET /configuraciones/12
2024-11-24 01:17:30 - Ejecutando el Método en Servicio: UsuarioService.consultarUsuario(..)
2024-11-24 01:17:30 - Ejecutando el Método en Servicio: UsuarioMapper.mapToDto(..)
2024-11-24 01:18:55 - Securing GET /configuraciones/12
2024-11-24 01:18:55 - Ejecutando el Método en Servicio: CustomUserDetailsService.loadUserByUsername(..)
2024-11-24 01:18:55 - Secured GET /configuraciones/12
2024-11-24 01:18:55 - Ejecutando el Método en Servicio: UsuarioService.consultarUsuario(..)
2024-11-24 01:18:55 - Ejecutando el Método en Servicio: UsuarioMapper.mapToDto(..)
2024-11-24 01:23:09 - Securing GET /configuraciones/12
2024-11-24 01:23:09 - Ejecutando el Método en Servicio: CustomUserDetailsService.loadUserByUsername(..)
2024-11-24 01:23:09 - Secured GET /configuraciones/12
2024-11-24 01:23:09 - Ejecutando el Método en Servicio: UsuarioService.consultarUsuario(..)
2024-11-24 01:23:09 - Ejecutando el Método en Servicio: UsuarioMapper.mapToDto(..)
2024-11-24 01:23:45 - Securing GET /configuraciones/12
2024-11-24 01:23:45 - Ejecutando el Método en Servicio: CustomUserDetailsService.loadUserByUsername(..)
2024-11-24 01:23:45 - Secured GET /configuraciones/12
2024-11-24 01:23:45 - Ejecutando el Método en Servicio: UsuarioService.consultarUsuario(..)
2024-11-24 01:23:45 - Ejecutando el Método en Servicio: UsuarioMapper.mapToDto(..)
2024-11-24 01:24:46 - Closing JPA EntityManagerFactory for persistence unit 'default'
2024-11-24 01:24:46 - HikariPool-1 - Shutdown initiated...
2024-11-24 01:24:46 - HikariPool-1 - Shutdown completed.
