2024-11-07 10:20:11 - Starting InventarioServiceApplication using Java 17.0.11 with PID 34208 (C:\JB\MS_Inventario_FACCI\inventario-service\build\classes\java\main started by JBastidas in C:\JB\MS_Inventario_FACCI)
2024-11-07 10:20:11 - Running with Spring Boot v3.3.5, Spring v6.1.14
2024-11-07 10:20:11 - No active profile set, falling back to 1 default profile: "default"
2024-11-07 10:20:11 - Devtools property defaults active! Set 'spring.devtools.add-properties' to 'false' to disable
2024-11-07 10:20:11 - For additional web related logging consider setting the 'logging.level.web' property to 'DEBUG'
2024-11-07 10:20:12 - Bootstrapping Spring Data JPA repositories in DEFAULT mode.
2024-11-07 10:20:12 - Finished Spring Data repository scanning in 8 ms. Found 0 JPA repository interfaces.
2024-11-07 10:20:12 - Tomcat initialized with port 8098 (http)
2024-11-07 10:20:12 - Starting service [Tomcat]
2024-11-07 10:20:12 - Starting Servlet engine: [Apache Tomcat/10.1.31]
2024-11-07 10:20:12 - Initializing Spring embedded WebApplicationContext
2024-11-07 10:20:12 - Root WebApplicationContext: initialization completed in 940 ms
2024-11-07 10:20:12 - HHH000204: Processing PersistenceUnitInfo [name: default]
2024-11-07 10:20:12 - HHH000412: Hibernate ORM core version 6.5.3.Final
2024-11-07 10:20:12 - HHH000026: Second-level cache disabled
2024-11-07 10:20:12 - No LoadTimeWeaver setup: ignoring JPA class transformer
2024-11-07 10:20:12 - HikariPool-1 - Starting...
2024-11-07 10:20:13 - HikariPool-1 - Added connection ConnectionID:1 ClientConnectionId: 4823d0f3-0f78-4ca3-a503-4fb59a96a9d2
2024-11-07 10:20:13 - HikariPool-1 - Start completed.
2024-11-07 10:20:13 - HHH000489: No JTA platform available (set 'hibernate.transaction.jta.platform' to enable JTA platform integration)
2024-11-07 10:20:13 - Initialized JPA EntityManagerFactory for persistence unit 'default'
2024-11-07 10:20:13 - spring.jpa.open-in-view is enabled by default. Therefore, database queries may be performed during view rendering. Explicitly configure spring.jpa.open-in-view to disable this warning
2024-11-07 10:20:13 - 

Using generated security password: a8a912bc-ee43-4b38-9c49-ee39c656f803

This generated password is for development use only. Your security configuration must be updated before running your application in production.

2024-11-07 10:20:13 - Global AuthenticationManager configured with UserDetailsService bean with name inMemoryUserDetailsManager
2024-11-07 10:20:13 - LiveReload server is running on port 35729
2024-11-07 10:20:13 - Tomcat started on port 8098 (http) with context path '/'
2024-11-07 10:20:13 - Started InventarioServiceApplication in 2.419 seconds (process running for 2.904)
